[2025-10-09 15:19:29] เริ่มการสำรองข้อมูล
[2025-10-09 15:19:58] Backup SQL สำเร็จ - ขนาด: 1.08 GB
[2025-10-09 15:21:43] บีบอัดสำเร็จ - ขนาด: 113.73 MB
[2025-10-09 15:21:43] สำรองข้อมูลสำเร็จ - ใช้เวลา: 134.25 วินาที
[2025-10-09 15:32:08] เริ่มการสำรองข้อมูล
[2025-10-09 15:32:38] Backup SQL สำเร็จ - ขนาด: 1.08 GB
[2025-10-09 15:34:24] บีบอัดสำเร็จ - ขนาด: 113.73 MB
[2025-10-09 15:34:24] สำรองข้อมูลสำเร็จ - ใช้เวลา: 136.46 วินาที
[2025-10-09 15:55:15] เริ่มการสำรองข้อมูล
[2025-10-09 15:55:44] Backup SQL สำเร็จ - ขนาด: 1.08 GB
[2025-10-09 15:57:33] บีบอัดสำเร็จ - ขนาด: 113.73 MB
[2025-10-09 15:57:33] สำรองข้อมูลสำเร็จ - ใช้เวลา: 137.92 วินาที
[2025-10-09 15:57:49] เริ่มการสำรองข้อมูล: jhcisdb
[2025-10-09 15:57:49] ERROR: mysqldump failed (code: 1). 'C:\Program' is not recognized as an internal or external command,
operable program or batch file.
[2025-10-09 16:03:01] เริ่มการสำรองข้อมูล: jhcisdb
[2025-10-09 16:03:01] ERROR: mysqldump failed (code: 1). 'C:\Program' is not recognized as an internal or external command,
operable program or batch file.
[2025-10-09 16:03:09] เริ่มการสำรองข้อมูล
[2025-10-09 16:03:38] Backup SQL สำเร็จ - ขนาด: 1.08 GB
[2025-10-09 16:05:24] บีบอัดสำเร็จ - ขนาด: 113.73 MB
[2025-10-09 16:05:25] สำรองข้อมูลสำเร็จ - ใช้เวลา: 135.70 วินาที
